<?xml version="1.0" encoding="UTF-8"?>
<!-- Generated by org.testng.reporters.JUnitXMLReporter -->
<testsuite ignored="0" hostname="DESKTOP-G2UNPLO" failures="1" tests="1" name="Test" time="15.301" errors="0" timestamp="2024-04-04T19:33:58 IST">
  <testcase classname="baseTest.CommonTest" name="@AfterTest Closerowser" time="0.002">
    <failure type="java.lang.NullPointerException" message="Cannot invoke &amp;quot;org.openqa.selenium.WebDriver.close()&amp;quot; because &amp;quot;baseTest.CommonTest.driver&amp;quot; is null">
      <![CDATA[java.lang.NullPointerException: Cannot invoke "org.openqa.selenium.WebDriver.close()" because "baseTest.CommonTest.driver" is null
at baseTest.CommonTest.Closerowser(CommonTest.java:46)
... Removed 24 stack frames]]>
    </failure>
  </testcase> <!-- @AfterTest Closerowser -->
  <testcase classname="kuappTestcases.ABTesting" name="ABTestings" time="0.022">
    <failure type="java.lang.NullPointerException" message="Cannot invoke &amp;quot;org.openqa.selenium.WebDriver.findElement(org.openqa.selenium.By)&amp;quot; because &amp;quot;baseTest.CommonTest.driver&amp;quot; is null">
      <![CDATA[java.lang.NullPointerException: Cannot invoke "org.openqa.selenium.WebDriver.findElement(org.openqa.selenium.By)" because "baseTest.CommonTest.driver" is null
at utils.ElementFetch.getWebElement(ElementFetch.java:17)
at kuappTestcases.ABTesting.ABTestings(ABTesting.java:43)
at java.base/java.util.ArrayList.forEach(ArrayList.java:1511)
... Removed 27 stack frames]]>
    </failure>
  </testcase> <!-- ABTestings -->
</testsuite> <!-- Test -->
